GET /api/main 401 17 - 8.089 ms
GET /api/main/training/ 401 17 - 3.816 ms
GET /api/main 401 17 - 2.134 ms
GET /api/main 401 17 - 1.100 ms
POST /api/login 201 14 - 184.307 ms
GET /api/main 304 - - 40.719 ms
GET /api/main 304 - - 38.262 ms
GET /api/main 304 - - 39.140 ms
GET /api/main 304 - - 39.083 ms
GET /api/main/training/ 200 5337 - 124.642 ms
POST /api/main/training/addTraining 200 32 - 82.186 ms
GET /api/main 304 - - 38.157 ms
GET /api/main 304 - - 37.903 ms
GET /api/main 304 - - 39.333 ms
GET /api/main 304 - - 37.987 ms
GET /api/main/training/ 200 4554 - 149.528 ms
GET /api/main 304 - - 38.058 ms
GET /api/main 304 - - 37.639 ms
POST /api/logout 200 38 - 0.616 ms
GET /api/main 401 17 - 1.329 ms
POST /api/login 201 14 - 150.773 ms
GET /api/main 200 42 - 37.808 ms
GET /api/main 304 - - 37.929 ms
GET /api/main 304 - - 38.072 ms
GET /api/main 304 - - 37.190 ms
GET /api/main/training/ 200 5337 - 114.806 ms
POST /api/main/training/addTraining 200 32 - 78.315 ms
GET /api/main 304 - - 38.090 ms
GET /api/main 304 - - 36.870 ms
GET /api/main 304 - - 36.717 ms
GET /api/main 304 - - 37.244 ms
GET /api/main/training/ 200 4552 - 149.010 ms
GET /api/main 304 - - 43.419 ms
GET /api/main 304 - - 37.157 ms
GET /api/main 304 - - 37.916 ms
GET /api/main 304 - - 37.320 ms
POST /api/logout 200 38 - 0.509 ms
GET /api/main 401 17 - 0.702 ms
POST /api/login 201 14 - 151.075 ms
GET /api/main 200 43 - 37.808 ms
GET /api/main 304 - - 37.202 ms
GET /api/main 304 - - 37.017 ms
GET /api/main 304 - - 36.981 ms
GET /api/main 304 - - 37.853 ms
GET /api/main 304 - - 36.925 ms
GET /api/main/training/ 200 4554 - 149.295 ms
GET /api/main 304 - - 37.725 ms
GET /api/main 304 - - 37.052 ms
GET /api/main 304 - - 37.178 ms
GET /api/main/profile 200 480 - 38.371 ms
GET /api/main 304 - - 37.504 ms
GET /api/main 304 - - 37.118 ms
GET /api/main/profile 304 - - 36.851 ms
GET /api/main 304 - - 37.736 ms
GET /api/main 304 - - 37.052 ms
GET /api/main 304 - - 37.008 ms
GET /api/main 304 - - 36.925 ms
GET /api/main 304 - - 37.697 ms
GET /api/main/training/ 304 - - 146.120 ms
